app/build/outputs/apk/manifest-merger-debug-report.txt
-- Merging decision tree log ---
manifest
ADDED from AndroidManifest.xml:2:1
	xmlns:android
		ADDED from AndroidManifest.xml:2:11
	package
		ADDED from AndroidManifest.xml:2:70
		INJECTED from AndroidManifest.xml:0:0
		INJECTED from AndroidManifest.xml:0:0
	android:versionName
		ADDED from AndroidManifest.xml:2:106
	android:versionCode
		ADDED from AndroidManifest.xml:2:132
		INJECTED from AndroidManifest.xml:0:0
		INJECTED from AndroidManifest.xml:0:0
	android:installLocation
		ADDED from AndroidManifest.xml:2:156
uses-sdk
ADDED from AndroidManifest.xml:3:3
MERGED from WikitudeUnityExample3:wikitude-unity-bridge:unspecified:7:5
	android:targetSdkVersion
		ADDED from AndroidManifest.xml:3:40
		INJECTED from AndroidManifest.xml:0:0
		INJECTED from AndroidManifest.xml:0:0
	android:minSdkVersion
		ADDED from AndroidManifest.xml:3:13
		INJECTED from AndroidManifest.xml:0:0
		INJECTED from AndroidManifest.xml:0:0
uses-permission#android.permission.CAMERA
ADDED from AndroidManifest.xml:4:3
	android:name
		ADDED from AndroidManifest.xml:4:20
uses-permission#android.permission.WRITE_EXTERNAL_STORAGE
ADDED from AndroidManifest.xml:5:3
	android:name
		ADDED from AndroidManifest.xml:5:20
uses-permission#android.permission.INTERNET
ADDED from AndroidManifest.xml:6:3
	android:name
		ADDED from AndroidManifest.xml:6:20
uses-feature#0x00020000
ADDED from AndroidManifest.xml:8:3
	android:required
		ADDED from AndroidManifest.xml:8:50
	android:glEsVersion
		ADDED from AndroidManifest.xml:8:17
uses-feature#android.hardware.camera
ADDED from AndroidManifest.xml:10:3
	android:required
		ADDED from AndroidManifest.xml:10:56
	android:name
		ADDED from AndroidManifest.xml:10:17
supports-screens
ADDED from AndroidManifest.xml:12:3
	android:largeScreens
		ADDED from AndroidManifest.xml:12:47
	android:anyDensity
		ADDED from AndroidManifest.xml:12:21
	android:normalScreens
		ADDED from AndroidManifest.xml:12:75
	android:xlargeScreens
		ADDED from AndroidManifest.xml:12:133
	android:smallScreens
		ADDED from AndroidManifest.xml:12:104
application
ADDED from AndroidManifest.xml:13:3
	android:label
		ADDED from AndroidManifest.xml:13:16
	android:debuggable
		ADDED from AndroidManifest.xml:13:46
	android:isGame
		ADDED from AndroidManifest.xml:13:73
	android:banner
		ADDED from AndroidManifest.xml:13:95
activity#com.wikitude.unity.WikitudeActivity
ADDED from AndroidManifest.xml:14:5
	android:configChanges
		ADDED from AndroidManifest.xml:14:66
	android:name
		ADDED from AndroidManifest.xml:14:15
intent-filter#android.intent.action.MAIN+android.intent.category.LAUNCHER+android.intent.category.LEANBACK_LAUNCHER
ADDED from AndroidManifest.xml:15:7
action#android.intent.action.MAIN
ADDED from AndroidManifest.xml:16:9
	android:name
		ADDED from AndroidManifest.xml:16:17
category#android.intent.category.LAUNCHER
ADDED from AndroidManifest.xml:17:9
	android:name
		ADDED from AndroidManifest.xml:17:19
category#android.intent.category.LEANBACK_LAUNCHER
ADDED from AndroidManifest.xml:18:9
	android:name
		ADDED from AndroidManifest.xml:18:19
uses-feature#android.hardware.touchscreen
ADDED from AndroidManifest.xml:22:3
	android:required
		ADDED from AndroidManifest.xml:22:61
	android:name
		ADDED from AndroidManifest.xml:22:17
uses-feature#android.hardware.touchscreen.multitouch
ADDED from AndroidManifest.xml:23:3
	android:required
		ADDED from AndroidManifest.xml:23:72
	android:name
		ADDED from AndroidManifest.xml:23:17
uses-feature#android.hardware.touchscreen.multitouch.distinct
ADDED from AndroidManifest.xml:24:3
	android:required
		ADDED from AndroidManifest.xml:24:81
	android:name
		ADDED from AndroidManifest.xml:24:17